[00:00:10] [Server thread/INFO]: [Akukis: Set own game mode to Spectator Mode]
[00:00:14] [Server thread/INFO]: [Akukis: Set own game mode to Creative Mode]
[00:07:47] [Server thread/INFO]: [Akukis: Set own game mode to Spectator Mode]
[00:07:56] [Server thread/INFO]: [Akukis: Set own game mode to Creative Mode]
[00:08:09] [Server thread/INFO]: [Akukis: Set own game mode to Survival Mode]
[00:10:18] [Server thread/INFO]: [Akukis: Gave 128 [Emerald] to Akukis]
[00:10:31] [Server thread/INFO]: [Akukis: Gave 128 [Emerald] to Akukis]
[00:10:53] [Server thread/INFO]: [Akukis: Gave 128 [Emerald] to Akukis]
[00:10:53] [Server thread/INFO]: [Akukis: Gave 128 [Emerald] to Akukis]
[00:10:54] [Server thread/INFO]: [Akukis: Gave 128 [Emerald] to Akukis]
[00:11:37] [Server thread/INFO]: [Akukis: Set own game mode to Creative Mode]
[00:12:01] [Server thread/INFO]: [Akukis: Set own game mode to Spectator Mode]
[00:12:06] [Server thread/INFO]: [Akukis: Set own game mode to Creative Mode]
[00:12:09] [Server thread/INFO]: [Akukis: Set own game mode to Survival Mode]
[00:12:13] [Server thread/INFO]: [Akukis: Set own game mode to Creative Mode]
[00:15:18] [Server thread/INFO]: [Akukis: Set own game mode to Survival Mode]
[00:15:46] [Server thread/INFO]: Villager class_1646['Villager'/22712, l='ServerLevel[world]', x=183.51, y=64.00, z=-335.87] died, message: 'Villager hit the ground too hard'
[00:17:03] [Server thread/INFO]: [Akukis: Set own game mode to Spectator Mode]
[00:33:16] [Server thread/INFO]: [Akukis: Set own game mode to Survival Mode]
[00:34:24] [Server thread/INFO]: [Akukis: Set own game mode to Spectator Mode]
[00:34:39] [Server thread/INFO]: [Akukis: Set own game mode to Survival Mode]
[00:34:48] [Server thread/INFO]: [Akukis: Gave 64 [Block of Coal] to Akukis]
[00:34:48] [Server thread/INFO]: siganconsumiendo was slain by Iron Golem
[00:35:03] [Server thread/INFO]: [Akukis: Gave 64 [Gold Ingot] to Akukis]
[00:35:14] [Server thread/INFO]: [Not Secure] <Akukis> bro
[00:35:18] [Server thread/INFO]: [Not Secure] <siganconsumiendo> que
[00:35:28] [Server thread/INFO]: [Akukis: Teleported Akukis to siganconsumiendo]
[00:37:37] [Server thread/INFO]: Villager class_1646['Farmer'/22711, l='ServerLevel[world]', x=168.58, y=63.00, z=-351.22] died, message: 'Farmer was slain by Zombie'
[00:38:03] [Server thread/INFO]: [Akukis: Gave 24 [Smithing Template] to Akukis]
[00:38:12] [Server thread/INFO]: Akukis has completed the challenge [Cover Me in Debris]
[00:40:07] [Server thread/INFO]: siganconsumiendo was slain by Akukis
[00:40:20] [Server thread/INFO]: [Akukis: Teleported Akukis to siganconsumiendo]
[00:41:46] [Server thread/INFO]: [Akukis: Set own game mode to Spectator Mode]
[00:41:53] [Server thread/INFO]: [Not Secure] <Akukis> oe
[00:41:55] [Server thread/INFO]: [Not Secure] <Akukis> mañosa
[00:41:59] [Server thread/INFO]: [Not Secure] <siganconsumiendo> ?
[00:42:04] [Server thread/INFO]: [Not Secure] <Akukis> que haces?
[00:42:09] [Server thread/INFO]: [Not Secure] <siganconsumiendo> nada
[00:42:17] [Server thread/INFO]: [Akukis: Set own game mode to Survival Mode]
[00:44:23] [Server thread/WARN]: Mismatch in destroy block pos: class_2338{x=435, y=71, z=-435} class_2338{x=432, y=69, z=-435}
[00:44:24] [Server thread/WARN]: Mismatch in destroy block pos: class_2338{x=435, y=71, z=-435} class_2338{x=432, y=69, z=-435}
[00:44:24] [Server thread/WARN]: Mismatch in destroy block pos: class_2338{x=435, y=71, z=-435} class_2338{x=432, y=69, z=-435}
[00:44:30] [Server thread/WARN]: Mismatch in destroy block pos: class_2338{x=435, y=69, z=-432} class_2338{x=436, y=69, z=-432}
[00:44:32] [Server thread/WARN]: Mismatch in destroy block pos: class_2338{x=431, y=70, z=-432} class_2338{x=430, y=69, z=-431}
[00:44:32] [Server thread/WARN]: Mismatch in destroy block pos: class_2338{x=431, y=70, z=-432} class_2338{x=430, y=69, z=-431}
[00:44:32] [Server thread/WARN]: Mismatch in destroy block pos: class_2338{x=431, y=70, z=-432} class_2338{x=430, y=69, z=-431}
[00:44:32] [Server thread/WARN]: Mismatch in destroy block pos: class_2338{x=430, y=70, z=-433} class_2338{x=430, y=69, z=-431}
[00:46:47] [Server thread/INFO]: [Akukis: Gave 1 [Nature's Compass] to Akukis]
[00:47:08] [Server thread/INFO]: Starting search: 64 sample space, 50000 max samples, 10000 max radius
[00:47:08] [Server thread/INFO]: Search succeeded: 870 radius, 249 samples
[00:47:16] [Server thread/INFO]: [Akukis: Set own game mode to Spectator Mode]
